Log file open, 03/25/20 09:00:09
LogWindows: Failed to load 'aqProf.dll' (GetLastError=126)
LogWindows: File 'aqProf.dll' does not exist
LogWindows: Failed to load 'VtuneApi.dll' (GetLastError=126)
LogWindows: File 'VtuneApi.dll' does not exist
LogWindows: Failed to load 'VtuneApi32e.dll' (GetLastError=126)
LogWindows: File 'VtuneApi32e.dll' does not exist
LogConsoleResponse: Display: Failed to find resolution value strings in scalability ini. Falling back to default.
LogInit: Display: Running engine for game: graph_env_project
LogPakFile: Registered encryption key '00000000000000000000000000000000': 0 pak files mounted, 0 remain pending
LogPlatformFile: Not using cached read wrapper
LogTaskGraph: Started task graph with 5 named threads and 35 total threads with 3 sets of task threads.
LogStats: Stats thread started at 0.405826
LogD3D11RHI: Loaded GFSDK_Aftermath_Lib.x64.dll
LogICUInternationalization: ICU TimeZone Detection - Raw Offset: -5:00, Platform Override: ''
LogPluginManager: Mounting plugin Paper2D
LogPluginManager: Mounting plugin AISupport
LogPluginManager: Mounting plugin LightPropagationVolume
LogPluginManager: Mounting plugin ActorLayerUtilities
LogPluginManager: Mounting plugin AnimationSharing
LogPluginManager: Mounting plugin CLionSourceCodeAccess
LogPluginManager: Mounting plugin CodeLiteSourceCodeAccess
LogPluginManager: Mounting plugin GitSourceControl
LogPluginManager: Mounting plugin KDevelopSourceCodeAccess
LogPluginManager: Mounting plugin NullSourceCodeAccess
LogPluginManager: Mounting plugin PerforceSourceControl
LogPluginManager: Mounting plugin SubversionSourceControl
LogPluginManager: Mounting plugin UObjectPlugin
LogPluginManager: Mounting plugin VisualStudioCodeSourceCodeAccess
LogPluginManager: Mounting plugin VisualStudioSourceCodeAccess
LogPluginManager: Mounting plugin XCodeSourceCodeAccess
LogPluginManager: Mounting plugin AssetManagerEditor
LogPluginManager: Mounting plugin CryptoKeys
LogPluginManager: Mounting plugin DataValidation
LogPluginManager: Mounting plugin FacialAnimation
LogPluginManager: Mounting plugin GameplayTagsEditor
LogPluginManager: Mounting plugin MacGraphicsSwitching
LogPluginManager: Mounting plugin MaterialAnalyzer
LogPluginManager: Mounting plugin MobileLauncherProfileWizard
LogPluginManager: Mounting plugin PluginBrowser
LogPluginManager: Mounting plugin SpeedTreeImporter
LogPluginManager: Mounting plugin DatasmithContent
LogPluginManager: Mounting plugin VariantManagerContent
LogPluginManager: Mounting plugin AlembicImporter
LogPluginManager: Mounting plugin AppleImageUtils
LogPluginManager: Mounting plugin AppleVision
LogPluginManager: Mounting plugin BackChannel
LogPluginManager: Mounting plugin CharacterAI
LogPluginManager: Mounting plugin GeometryCache
LogPluginManager: Mounting plugin HTML5Networking
LogPluginManager: Mounting plugin ProxyLODPlugin
LogPluginManager: Mounting plugin SkeletalReduction
LogPluginManager: Mounting plugin MagicLeap
LogPluginManager: Mounting plugin MagicLeapMedia
LogPluginManager: Mounting plugin AndroidMedia
LogPluginManager: Mounting plugin AvfMedia
LogPluginManager: Mounting plugin ImgMedia
LogPluginManager: Mounting plugin LinearTimecode
LogPluginManager: Mounting plugin MediaCompositing
LogPluginManager: Mounting plugin MediaPlayerEditor
LogPluginManager: Mounting plugin WebMMedia
LogPluginManager: Mounting plugin WmfMedia
LogPluginManager: Mounting plugin TcpMessaging
LogPluginManager: Mounting plugin UdpMessaging
LogPluginManager: Mounting plugin ActorSequence
LogPluginManager: Mounting plugin LevelSequenceEditor
LogPluginManager: Mounting plugin MatineeToLevelSequence
LogPluginManager: Mounting plugin NetcodeUnitTest
LogPluginManager: Mounting plugin NUTUnrealEngine4
LogPluginManager: Mounting plugin OnlineSubsystemGooglePlay
LogPluginManager: Mounting plugin OnlineSubsystemIOS
LogPluginManager: Mounting plugin OnlineSubsystem
LogPluginManager: Mounting plugin OnlineSubsystemNull
LogPluginManager: Mounting plugin OnlineSubsystemUtils
LogPluginManager: Mounting plugin LauncherChunkInstaller
LogPluginManager: Mounting plugin AndroidDeviceProfileSelector
LogPluginManager: Mounting plugin AndroidMoviePlayer
LogPluginManager: Mounting plugin AndroidPermission
LogPluginManager: Mounting plugin AppleMoviePlayer
LogPluginManager: Mounting plugin ArchVisCharacter
LogPluginManager: Mounting plugin AudioCapture
LogPluginManager: Mounting plugin CableComponent
LogPluginManager: Mounting plugin CustomMeshComponent
LogPluginManager: Mounting plugin EditableMesh
LogPluginManager: Mounting plugin ExampleDeviceProfileSelector
LogPluginManager: Mounting plugin Firebase
LogPluginManager: Mounting plugin GoogleCloudMessaging
LogPluginManager: Mounting plugin IOSDeviceProfileSelector
LogPluginManager: Mounting plugin LinuxDeviceProfileSelector
LogPluginManager: Mounting plugin LocationServicesBPLibrary
LogPluginManager: Mounting plugin MobilePatchingUtils
LogPluginManager: Mounting plugin OculusVR
LogPluginManager: Mounting plugin PhysXVehicles
LogPluginManager: Mounting plugin ProceduralMeshComponent
LogPluginManager: Mounting plugin RuntimePhysXCooking
LogPluginManager: Mounting plugin SignificanceManager
LogPluginManager: Mounting plugin SteamVR
LogPluginManager: Mounting plugin WebMMoviePlayer
LogPluginManager: Mounting plugin WindowsMoviePlayer
LogInit: Using libcurl 7.55.1-DEV
LogInit:  - built for x86_64-pc-win32
LogInit:  - supports SSL with OpenSSL/1.1.1
LogInit:  - supports HTTP deflate (compression) using libz 1.2.8
LogInit:  - other features:
LogInit:      CURL_VERSION_SSL
LogInit:      CURL_VERSION_LIBZ
LogInit:      CURL_VERSION_IPV6
LogInit:      CURL_VERSION_ASYNCHDNS
LogInit:      CURL_VERSION_LARGEFILE
LogInit:      CURL_VERSION_IDN
LogInit:  CurlRequestOptions (configurable via config and command line):
LogInit:  - bVerifyPeer = true  - Libcurl will verify peer certificate
LogInit:  - bUseHttpProxy = false  - Libcurl will NOT use HTTP proxy
LogInit:  - bDontReuseConnections = false  - Libcurl will reuse connections
LogInit:  - MaxHostConnections = 16  - Libcurl will limit the number of connections to a host
LogInit:  - LocalHostAddr = Default
LogInit:  - BufferSize = 65536
LogInit: WinSock: version 1.1 (2.2), MaxSocks=32767, MaxUdp=65467
LogInit: Build: ++UE4+Release-4.22-CL-7053642
LogInit: Engine Version: 4.22.3-7053642+++UE4+Release-4.22
LogInit: Compatible Engine Version: 4.22.0-5660361+++UE4+Release-4.22
LogInit: Net CL: 5660361
LogInit: OS: Windows 10 (Release 1903) (), CPU: Intel(R) Core(TM) i7-8700K CPU @ 3.70GHz, GPU: NVIDIA GeForce GTX 1080 Ti
LogInit: Compiled (64-bit): Jun 18 2019 03:09:11
LogInit: Compiled with Visual C++: 19.16.27025.01
LogInit: Build Configuration: Development
LogInit: Branch Name: ++UE4+Release-4.22
LogInit: Command Line: 
LogInit: Base Directory: C:/Program Files/Epic Games/UE_4.22/Engine/Binaries/Win64/
LogInit: Installed Engine Build: 1
LogDevObjectVersion: Number of dev versions registered: 23
LogDevObjectVersion:   Dev-Blueprints (B0D832E4-1F89-4F0D-ACCF-7EB736FD4AA2): 10
LogDevObjectVersion:   Dev-Build (E1C64328-A22C-4D53-A36C-8E866417BD8C): 0
LogDevObjectVersion:   Dev-Core (375EC13C-06E4-48FB-B500-84F0262A717E): 3
LogDevObjectVersion:   Dev-Editor (E4B068ED-F494-42E9-A231-DA0B2E46BB41): 30
LogDevObjectVersion:   Dev-Framework (CFFC743F-43B0-4480-9391-14DF171D2073): 35
LogDevObjectVersion:   Dev-Mobile (B02B49B5-BB20-44E9-A304-32B752E40360): 2
LogDevObjectVersion:   Dev-Networking (A4E4105C-59A1-49B5-A7C5-40C4547EDFEE): 0
LogDevObjectVersion:   Dev-Online (39C831C9-5AE6-47DC-9A44-9C173E1C8E7C): 0
LogDevObjectVersion:   Dev-Physics (78F01B33-EBEA-4F98-B9B4-84EACCB95AA2): 0
LogDevObjectVersion:   Dev-Platform (6631380F-2D4D-43E0-8009-CF276956A95A): 0
LogDevObjectVersion:   Dev-Rendering (12F88B9F-8875-4AFC-A67C-D90C383ABD29): 28
LogDevObjectVersion:   Dev-Sequencer (7B5AE74C-D270-4C10-A958-57980B212A5A): 11
LogDevObjectVersion:   Dev-VR (D7296918-1DD6-4BDD-9DE2-64A83CC13884): 2
LogDevObjectVersion:   Dev-LoadTimes (C2A15278-BFE7-4AFE-6C17-90FF531DF755): 1
LogDevObjectVersion:   Private-Geometry (6EACA3D4-40EC-4CC1-B786-8BED09428FC5): 3
LogDevObjectVersion:   Dev-AnimPhys (29E575DD-E0A3-4627-9D10-D276232CDCEA): 17
LogDevObjectVersion:   Dev-Anim (AF43A65D-7FD3-4947-9873-3E8ED9C1BB05): 2
LogDevObjectVersion:   Dev-ReflectionCapture (6B266CEC-1EC7-4B8F-A30B-E4D90942FC07): 1
LogDevObjectVersion:   Dev-Automation (0DF73D61-A23F-47EA-B727-89E90C41499A): 1
LogDevObjectVersion:   FortniteMain (601D1886-AC64-4F84-AA16-D3DE0DEAC7D6): 25
LogDevObjectVersion:   Dev-Enterprise (9DFFBCD6-494F-0158-E221-12823C92A888): 6
LogDevObjectVersion:   Dev-Niagara (F2AED0AC-9AFE-416F-8664-AA7FFA26D6FC): 1
LogDevObjectVersion:   Dev-Destruction (174F1F0B-B4C6-45A5-B13F-2EE8D0FB917D): 2
LogInit: Presizing for max 16777216 objects, including 0 objects not considered by GC, pre-allocating 0 bytes for permanent pool.
LogInit: Object subsystem initialized
LogConfig: Setting CVar [[con.DebugEarlyDefault:1]]
LogConfig: Setting CVar [[r.setres:1280x720]]
[2020.03.25-13.00.09:834][  0]LogConfig: Setting CVar [[r.VSync:0]]
[2020.03.25-13.00.09:834][  0]LogConfig: Setting CVar [[r.RHICmdBypass:0]]
[2020.03.25-13.00.09:834][  0]LogConfig: Applying CVar settings from Section [/Script/Engine.RendererSettings] File [B:/3dsMax/3dsmax-scene/graph_env_project/Saved/Config/Windows/Engine.ini]
[2020.03.25-13.00.09:834][  0]LogConfig: Setting CVar [[r.GPUCrashDebugging:0]]
[2020.03.25-13.00.09:834][  0]LogConfig: Applying CVar settings from Section [/Script/Engine.RendererOverrideSettings] File [B:/3dsMax/3dsmax-scene/graph_env_project/Saved/Config/Windows/Engine.ini]
[2020.03.25-13.00.09:834][  0]LogConfig: Applying CVar settings from Section [/Script/Engine.StreamingSettings] File [B:/3dsMax/3dsmax-scene/graph_env_project/Saved/Config/Windows/Engine.ini]
[2020.03.25-13.00.09:834][  0]LogConfig: Setting CVar [[s.MinBulkDataSizeForAsyncLoading:131072]]
[2020.03.25-13.00.09:834][  0]LogConfig: Setting CVar [[s.AsyncLoadingThreadEnabled:0]]
[2020.03.25-13.00.09:834][  0]LogConfig: Setting CVar [[s.EventDrivenLoaderEnabled:1]]
[2020.03.25-13.00.09:834][  0]LogConfig: Setting CVar [[s.WarnIfTimeLimitExceeded:0]]
[2020.03.25-13.00.09:834][  0]LogConfig: Setting CVar [[s.TimeLimitExceededMultiplier:1.5]]
[2020.03.25-13.00.09:834][  0]LogConfig: Setting CVar [[s.TimeLimitExceededMinTime:0.005]]
[2020.03.25-13.00.09:834][  0]LogConfig: Setting CVar [[s.UseBackgroundLevelStreaming:1]]
[2020.03.25-13.00.09:834][  0]LogConfig: Setting CVar [[s.PriorityAsyncLoadingExtraTime:15.0]]
[2020.03.25-13.00.09:834][  0]LogConfig: Setting CVar [[s.LevelStreamingActorsUpdateTimeLimit:5.0]]
[2020.03.25-13.00.09:834][  0]LogConfig: Setting CVar [[s.PriorityLevelStreamingActorsUpdateExtraTime:5.0]]
[2020.03.25-13.00.09:834][  0]LogConfig: Setting CVar [[s.LevelStreamingComponentsRegistrationGranularity:10]]
[2020.03.25-13.00.09:834][  0]LogConfig: Setting CVar [[s.UnregisterComponentsTimeLimit:1.0]]
[2020.03.25-13.00.09:834][  0]LogConfig: Setting CVar [[s.LevelStreamingComponentsUnregistrationGranularity:5]]
[2020.03.25-13.00.09:834][  0]LogConfig: Applying CVar settings from Section [/Script/Engine.GarbageCollectionSettings] File [B:/3dsMax/3dsmax-scene/graph_env_project/Saved/Config/Windows/Engine.ini]
[2020.03.25-13.00.09:834][  0]LogConfig: Setting CVar [[gc.MaxObjectsNotConsideredByGC:1]]
[2020.03.25-13.00.09:834][  0]LogConfig: Setting CVar [[gc.SizeOfPermanentObjectPool:0]]
[2020.03.25-13.00.09:834][  0]LogConfig: Setting CVar [[gc.FlushStreamingOnGC:0]]
[2020.03.25-13.00.09:834][  0]LogConfig: Setting CVar [[gc.NumRetriesBeforeForcingGC:10]]
[2020.03.25-13.00.09:834][  0]LogConfig: Setting CVar [[gc.AllowParallelGC:1]]
[2020.03.25-13.00.09:834][  0]LogConfig: Setting CVar [[gc.TimeBetweenPurgingPendingKillObjects:61.1]]
[2020.03.25-13.00.09:834][  0]LogConfig: Setting CVar [[gc.MaxObjectsInEditor:16777216]]
[2020.03.25-13.00.09:835][  0]LogConfig: Setting CVar [[gc.IncrementalBeginDestroyEnabled:1]]
[2020.03.25-13.00.09:835][  0]LogConfig: Setting CVar [[gc.CreateGCClusters:1]]
[2020.03.25-13.00.09:835][  0]LogConfig: Setting CVar [[gc.MinGCClusterSize:5]]
[2020.03.25-13.00.09:835][  0]LogConfig: Setting CVar [[gc.ActorClusteringEnabled:0]]
[2020.03.25-13.00.09:835][  0]LogConfig: Setting CVar [[gc.BlueprintClusteringEnabled:0]]
[2020.03.25-13.00.09:835][  0]LogConfig: Setting CVar [[gc.UseDisregardForGCOnDedicatedServers:0]]
[2020.03.25-13.00.09:835][  0]LogConfig: Applying CVar settings from Section [/Script/Engine.NetworkSettings] File [B:/3dsMax/3dsmax-scene/graph_env_project/Saved/Config/Windows/Engine.ini]
[2020.03.25-13.00.09:835][  0]LogConfig: Applying CVar settings from Section [/Script/UnrealEd.CookerSettings] File [B:/3dsMax/3dsmax-scene/graph_env_project/Saved/Config/Windows/Engine.ini]
[2020.03.25-13.00.09:863][  0]LogConfig: Applying CVar settings from Section [ViewDistanceQuality@3] File [B:/3dsMax/3dsmax-scene/graph_env_project/Saved/Config/Windows/Scalability.ini]
[2020.03.25-13.00.09:863][  0]LogConfig: Setting CVar [[r.SkeletalMeshLODBias:0]]
[2020.03.25-13.00.09:863][  0]LogConfig: Setting CVar [[r.ViewDistanceScale:1.0]]
[2020.03.25-13.00.09:863][  0]LogConfig: Applying CVar settings from Section [AntiAliasingQuality@3] File [B:/3dsMax/3dsmax-scene/graph_env_project/Saved/Config/Windows/Scalability.ini]
[2020.03.25-13.00.09:863][  0]LogConfig: Setting CVar [[r.PostProcessAAQuality:4]]
[2020.03.25-13.00.09:863][  0]LogConfig: Applying CVar settings from Section [ShadowQuality@3] File [B:/3dsMax/3dsmax-scene/graph_env_project/Saved/Config/Windows/Scalability.ini]
[2020.03.25-13.00.09:863][  0]LogConfig: Setting CVar [[r.LightFunctionQuality:1]]
[2020.03.25-13.00.09:863][  0]LogConfig: Setting CVar [[r.ShadowQuality:5]]
[2020.03.25-13.00.09:863][  0]LogConfig: Setting CVar [[r.Shadow.CSM.MaxCascades:10]]
[2020.03.25-13.00.09:863][  0]LogConfig: Setting CVar [[r.Shadow.MaxResolution:2048]]
[2020.03.25-13.00.09:863][  0]LogConfig: Setting CVar [[r.Shadow.MaxCSMResolution:2048]]
[2020.03.25-13.00.09:863][  0]LogConfig: Setting CVar [[r.Shadow.RadiusThreshold:0.01]]
[2020.03.25-13.00.09:863][  0]LogConfig: Setting CVar [[r.Shadow.DistanceScale:1.0]]
[2020.03.25-13.00.09:863][  0]LogConfig: Setting CVar [[r.Shadow.CSM.TransitionScale:1.0]]
[2020.03.25-13.00.09:863][  0]LogConfig: Setting CVar [[r.Shadow.PreShadowResolutionFactor:1.0]]
[2020.03.25-13.00.09:863][  0]LogConfig: Setting CVar [[r.DistanceFieldShadowing:1]]
[2020.03.25-13.00.09:864][  0]LogConfig: Setting CVar [[r.DistanceFieldAO:1]]
[2020.03.25-13.00.09:864][  0]LogConfig: Setting CVar [[r.AOQuality:2]]
[2020.03.25-13.00.09:864][  0]LogConfig: Setting CVar [[r.VolumetricFog:1]]
[2020.03.25-13.00.09:864][  0]LogConfig: Setting CVar [[r.VolumetricFog.GridPixelSize:8]]
[2020.03.25-13.00.09:864][  0]LogConfig: Setting CVar [[r.VolumetricFog.GridSizeZ:128]]
[2020.03.25-13.00.09:864][  0]LogConfig: Setting CVar [[r.VolumetricFog.HistoryMissSupersampleCount:4]]
[2020.03.25-13.00.09:864][  0]LogConfig: Setting CVar [[r.LightMaxDrawDistanceScale:1]]
[2020.03.25-13.00.09:864][  0]LogConfig: Setting CVar [[r.CapsuleShadows:1]]
[2020.03.25-13.00.09:864][  0]LogConfig: Applying CVar settings from Section [PostProcessQuality@3] File [B:/3dsMax/3dsmax-scene/graph_env_project/Saved/Config/Windows/Scalability.ini]
[2020.03.25-13.00.09:864][  0]LogConfig: Setting CVar [[r.MotionBlurQuality:4]]
[2020.03.25-13.00.09:864][  0]LogConfig: Setting CVar [[r.AmbientOcclusionMipLevelFactor:0.4]]
[2020.03.25-13.00.09:864][  0]LogConfig: Setting CVar [[r.AmbientOcclusionMaxQuality:100]]
[2020.03.25-13.00.09:864][  0]LogConfig: Setting CVar [[r.AmbientOcclusionLevels:-1]]
[2020.03.25-13.00.09:864][  0]LogConfig: Setting CVar [[r.AmbientOcclusionRadiusScale:1.0]]
[2020.03.25-13.00.09:864][  0]LogConfig: Setting CVar [[r.DepthOfFieldQuality:2]]
[2020.03.25-13.00.09:864][  0]LogConfig: Setting CVar [[r.RenderTargetPoolMin:400]]
[2020.03.25-13.00.09:864][  0]LogConfig: Setting CVar [[r.LensFlareQuality:2]]
[2020.03.25-13.00.09:864][  0]LogConfig: Setting CVar [[r.SceneColorFringeQuality:1]]
[2020.03.25-13.00.09:864][  0]LogConfig: Setting CVar [[r.EyeAdaptationQuality:2]]
[2020.03.25-13.00.09:864][  0]LogConfig: Setting CVar [[r.BloomQuality:5]]
[2020.03.25-13.00.09:864][  0]LogConfig: Setting CVar [[r.FastBlurThreshold:100]]
[2020.03.25-13.00.09:864][  0]LogConfig: Setting CVar [[r.Upscale.Quality:3]]
[2020.03.25-13.00.09:864][  0]LogConfig: Setting CVar [[r.Tonemapper.GrainQuantization:1]]
[2020.03.25-13.00.09:864][  0]LogConfig: Setting CVar [[r.LightShaftQuality:1]]
[2020.03.25-13.00.09:864][  0]LogConfig: Setting CVar [[r.Filter.SizeScale:1]]
[2020.03.25-13.00.09:864][  0]LogConfig: Setting CVar [[r.Tonemapper.Quality:5]]
[2020.03.25-13.00.09:864][  0]LogConfig: Setting CVar [[r.DOF.Gather.AccumulatorQuality:1        ; higher gathering accumulator quality]]
[2020.03.25-13.00.09:864][  0]LogConfig: Setting CVar [[r.DOF.Gather.PostfilterMethod:1          ; Median3x3 postfilering method]]
[2020.03.25-13.00.09:864][  0]LogConfig: Setting CVar [[r.DOF.Gather.EnableBokehSettings:0       ; no bokeh simulation when gathering]]
[2020.03.25-13.00.09:864][  0]LogConfig: Setting CVar [[r.DOF.Gather.RingCount:4                 ; medium number of samples when gathering]]
[2020.03.25-13.00.09:864][  0]LogConfig: Setting CVar [[r.DOF.Scatter.ForegroundCompositing:1    ; additive foreground scattering]]
[2020.03.25-13.00.09:864][  0]LogConfig: Setting CVar [[r.DOF.Scatter.BackgroundCompositing:2    ; additive background scattering]]
[2020.03.25-13.00.09:864][  0]LogConfig: Setting CVar [[r.DOF.Scatter.EnableBokehSettings:1      ; bokeh simulation when scattering]]
[2020.03.25-13.00.09:864][  0]LogConfig: Setting CVar [[r.DOF.Scatter.MaxSpriteRatio:0.1         ; only a maximum of 10% of scattered bokeh]]
[2020.03.25-13.00.09:864][  0]LogConfig: Setting CVar [[r.DOF.Recombine.Quality:1                ; cheap slight out of focus]]
[2020.03.25-13.00.09:864][  0]LogConfig: Setting CVar [[r.DOF.Recombine.EnableBokehSettings:0    ; no bokeh simulation on slight out of focus]]
[2020.03.25-13.00.09:864][  0]LogConfig: Setting CVar [[r.DOF.TemporalAAQuality:1                ; more stable temporal accumulation]]
[2020.03.25-13.00.09:864][  0]LogConfig: Setting CVar [[r.DOF.Kernel.MaxForegroundRadius:0.025]]
[2020.03.25-13.00.09:864][  0]LogConfig: Setting CVar [[r.DOF.Kernel.MaxBackgroundRadius:0.025]]
[2020.03.25-13.00.09:864][  0]LogConfig: Applying CVar settings from Section [TextureQuality@3] File [B:/3dsMax/3dsmax-scene/graph_env_project/Saved/Config/Windows/Scalability.ini]
[2020.03.25-13.00.09:864][  0]LogConfig: Setting CVar [[r.Streaming.MipBias:0]]
[2020.03.25-13.00.09:864][  0]LogConfig: Setting CVar [[r.Streaming.AmortizeCPUToGPUCopy:0]]
[2020.03.25-13.00.09:864][  0]LogConfig: Setting CVar [[r.Streaming.MaxNumTexturesToStreamPerFrame:0]]
[2020.03.25-13.00.09:864][  0]LogConfig: Setting CVar [[r.Streaming.Boost:1]]
[2020.03.25-13.00.09:864][  0]LogConfig: Setting CVar [[r.MaxAnisotropy:8]]
[2020.03.25-13.00.09:864][  0]LogConfig: Setting CVar [[r.Streaming.LimitPoolSizeToVRAM:0]]
[2020.03.25-13.00.09:864][  0]LogConfig: Setting CVar [[r.Streaming.PoolSize:1000]]
[2020.03.25-13.00.09:864][  0]LogConfig: Setting CVar [[r.Streaming.MaxEffectiveScreenSize:0]]
[2020.03.25-13.00.09:864][  0]LogConfig: Applying CVar settings from Section [EffectsQuality@3] File [B:/3dsMax/3dsmax-scene/graph_env_project/Saved/Config/Windows/Scalability.ini]
[2020.03.25-13.00.09:864][  0]LogConfig: Setting CVar [[r.TranslucencyLightingVolumeDim:64]]
[2020.03.25-13.00.09:864][  0]LogConfig: Setting CVar [[r.RefractionQuality:2]]
[2020.03.25-13.00.09:864][  0]LogConfig: Setting CVar [[r.SSR.Quality:3]]
[2020.03.25-13.00.09:864][  0]LogConfig: Setting CVar [[r.SceneColorFormat:4]]
[2020.03.25-13.00.09:864][  0]LogConfig: Setting CVar [[r.DetailMode:2]]
[2020.03.25-13.00.09:864][  0]LogConfig: Setting CVar [[r.TranslucencyVolumeBlur:1]]
[2020.03.25-13.00.09:864][  0]LogConfig: Setting CVar [[r.MaterialQualityLevel:1 ; High quality]]
[2020.03.25-13.00.09:864][  0]LogConfig: Setting CVar [[r.SSS.Scale:1]]
[2020.03.25-13.00.09:864][  0]LogConfig: Setting CVar [[r.SSS.SampleSet:2]]
[2020.03.25-13.00.09:864][  0]LogConfig: Setting CVar [[r.SSS.Quality:1]]
[2020.03.25-13.00.09:864][  0]LogConfig: Setting CVar [[r.SSS.HalfRes:1]]
[2020.03.25-13.00.09:864][  0]LogConfig: Setting CVar [[r.EmitterSpawnRateScale:1.0]]
[2020.03.25-13.00.09:864][  0]LogConfig: Setting CVar [[r.ParticleLightQuality:2]]
[2020.03.25-13.00.09:864][  0]LogConfig: Applying CVar settings from Section [FoliageQuality@3] File [B:/3dsMax/3dsmax-scene/graph_env_project/Saved/Config/Windows/Scalability.ini]
[2020.03.25-13.00.09:864][  0]LogConfig: Setting CVar [[foliage.DensityScale:1.0]]
[2020.03.25-13.00.09:864][  0]LogConfig: Setting CVar [[grass.DensityScale:1.0]]
[2020.03.25-13.00.09:864][  0]LogInit: Selected Device Profile: [Windows]
[2020.03.25-13.00.09:864][  0]LogInit: Applying CVar settings loaded from the selected device profile: [Windows]
[2020.03.25-13.00.09:875][  0]LogHAL: Display: Platform has ~ 16 GB [17125888000 / 17179869184 / 16], which maps to Larger [LargestMinGB=32, LargerMinGB=12, DefaultMinGB=8, SmallerMinGB=6, SmallestMinGB=0)
[2020.03.25-13.00.09:875][  0]LogConfig: Setting CVar [[r.Vulkan.UseRealUBs:0		; Required until we fix HLR fall-out]]
[2020.03.25-13.00.09:875][  0]LogInit: Going up to parent DeviceProfile []
[2020.03.25-13.00.09:875][  0]LogConfig: Applying CVar settings from Section [ViewDistanceQuality@3] File [B:/3dsMax/3dsmax-scene/graph_env_project/Saved/Config/Windows/Scalability.ini]
[2020.03.25-13.00.09:875][  0]LogConfig: Setting CVar [[r.SkeletalMeshLODBias:0]]
[2020.03.25-13.00.09:875][  0]LogConfig: Setting CVar [[r.ViewDistanceScale:1.0]]
[2020.03.25-13.00.09:875][  0]LogConfig: Applying CVar settings from Section [AntiAliasingQuality@3] File [B:/3dsMax/3dsmax-scene/graph_env_project/Saved/Config/Windows/Scalability.ini]
[2020.03.25-13.00.09:875][  0]LogConfig: Setting CVar [[r.PostProcessAAQuality:4]]
[2020.03.25-13.00.09:875][  0]LogConfig: Applying CVar settings from Section [ShadowQuality@3] File [B:/3dsMax/3dsmax-scene/graph_env_project/Saved/Config/Windows/Scalability.ini]
[2020.03.25-13.00.09:875][  0]LogConfig: Setting CVar [[r.LightFunctionQuality:1]]
[2020.03.25-13.00.09:875][  0]LogConfig: Setting CVar [[r.ShadowQuality:5]]
[2020.03.25-13.00.09:875][  0]LogConfig: Setting CVar [[r.Shadow.CSM.MaxCascades:10]]
[2020.03.25-13.00.09:875][  0]LogConfig: Setting CVar [[r.Shadow.MaxResolution:2048]]
[2020.03.25-13.00.09:875][  0]LogConfig: Setting CVar [[r.Shadow.MaxCSMResolution:2048]]
[2020.03.25-13.00.09:875][  0]LogConfig: Setting CVar [[r.Shadow.RadiusThreshold:0.01]]
[2020.03.25-13.00.09:875][  0]LogConfig: Setting CVar [[r.Shadow.DistanceScale:1.0]]
[2020.03.25-13.00.09:875][  0]LogConfig: Setting CVar [[r.Shadow.CSM.TransitionScale:1.0]]
[2020.03.25-13.00.09:875][  0]LogConfig: Setting CVar [[r.Shadow.PreShadowResolutionFactor:1.0]]
[2020.03.25-13.00.09:875][  0]LogConfig: Setting CVar [[r.DistanceFieldShadowing:1]]
[2020.03.25-13.00.09:875][  0]LogConfig: Setting CVar [[r.DistanceFieldAO:1]]
[2020.03.25-13.00.09:875][  0]LogConfig: Setting CVar [[r.AOQuality:2]]
[2020.03.25-13.00.09:875][  0]LogConfig: Setting CVar [[r.VolumetricFog:1]]
[2020.03.25-13.00.09:875][  0]LogConfig: Setting CVar [[r.VolumetricFog.GridPixelSize:8]]
[2020.03.25-13.00.09:875][  0]LogConfig: Setting CVar [[r.VolumetricFog.GridSizeZ:128]]
[2020.03.25-13.00.09:875][  0]LogConfig: Setting CVar [[r.VolumetricFog.HistoryMissSupersampleCount:4]]
[2020.03.25-13.00.09:875][  0]LogConfig: Setting CVar [[r.LightMaxDrawDistanceScale:1]]
[2020.03.25-13.00.09:875][  0]LogConfig: Setting CVar [[r.CapsuleShadows:1]]
[2020.03.25-13.00.09:875][  0]LogConfig: Applying CVar settings from Section [PostProcessQuality@3] File [B:/3dsMax/3dsmax-scene/graph_env_project/Saved/Config/Windows/Scalability.ini]
[2020.03.25-13.00.09:875][  0]LogConfig: Setting CVar [[r.MotionBlurQuality:4]]
[2020.03.25-13.00.09:875][  0]LogConfig: Setting CVar [[r.AmbientOcclusionMipLevelFactor:0.4]]
[2020.03.25-13.00.09:875][  0]LogConfig: Setting CVar [[r.AmbientOcclusionMaxQuality:100]]
[2020.03.25-13.00.09:875][  0]LogConfig: Setting CVar [[r.AmbientOcclusionLevels:-1]]
[2020.03.25-13.00.09:875][  0]LogConfig: Setting CVar [[r.AmbientOcclusionRadiusScale:1.0]]
[2020.03.25-13.00.09:875][  0]LogConfig: Setting CVar [[r.DepthOfFieldQuality:2]]
[2020.03.25-13.00.09:875][  0]LogConfig: Setting CVar [[r.RenderTargetPoolMin:400]]
[2020.03.25-13.00.09:876][  0]LogConfig: Setting CVar [[r.LensFlareQuality:2]]
[2020.03.25-13.00.09:876][  0]LogConfig: Setting CVar [[r.SceneColorFringeQuality:1]]
[2020.03.25-13.00.09:876][  0]LogConfig: Setting CVar [[r.EyeAdaptationQuality:2]]
[2020.03.25-13.00.09:876][  0]LogConfig: Setting CVar [[r.BloomQuality:5]]
[2020.03.25-13.00.09:876][  0]LogConfig: Setting CVar [[r.FastBlurThreshold:100]]
[2020.03.25-13.00.09:876][  0]LogConfig: Setting CVar [[r.Upscale.Quality:3]]
[2020.03.25-13.00.09:876][  0]LogConfig: Setting CVar [[r.Tonemapper.GrainQuantization:1]]
[2020.03.25-13.00.09:876][  0]LogConfig: Setting CVar [[r.LightShaftQuality:1]]
[2020.03.25-13.00.09:876][  0]LogConfig: Setting CVar [[r.Filter.SizeScale:1]]
[2020.03.25-13.00.09:876][  0]LogConfig: Setting CVar [[r.Tonemapper.Quality:5]]
[2020.03.25-13.00.09:876][  0]LogConfig: Setting CVar [[r.DOF.Gather.AccumulatorQuality:1        ; higher gathering accumulator quality]]
[2020.03.25-13.00.09:876][  0]LogConfig: Setting CVar [[r.DOF.Gather.PostfilterMethod:1          ; Median3x3 postfilering method]]
[2020.03.25-13.00.09:876][  0]LogConfig: Setting CVar [[r.DOF.Gather.EnableBokehSettings:0       ; no bokeh simulation when gathering]]
[2020.03.25-13.00.09:876][  0]LogConfig: Setting CVar [[r.DOF.Gather.RingCount:4                 ; medium number of samples when gathering]]
[2020.03.25-13.00.09:876][  0]LogConfig: Setting CVar [[r.DOF.Scatter.ForegroundCompositing:1    ; additive foreground scattering]]
[2020.03.25-13.00.09:876][  0]LogConfig: Setting CVar [[r.DOF.Scatter.BackgroundCompositing:2    ; additive background scattering]]
[2020.03.25-13.00.09:876][  0]LogConfig: Setting CVar [[r.DOF.Scatter.EnableBokehSettings:1      ; bokeh simulation when scattering]]
[2020.03.25-13.00.09:876][  0]LogConfig: Setting CVar [[r.DOF.Scatter.MaxSpriteRatio:0.1         ; only a maximum of 10% of scattered bokeh]]
[2020.03.25-13.00.09:876][  0]LogConfig: Setting CVar [[r.DOF.Recombine.Quality:1                ; cheap slight out of focus]]
[2020.03.25-13.00.09:876][  0]LogConfig: Setting CVar [[r.DOF.Recombine.EnableBokehSettings:0    ; no bokeh simulation on slight out of focus]]
[2020.03.25-13.00.09:876][  0]LogConfig: Setting CVar [[r.DOF.TemporalAAQuality:1                ; more stable temporal accumulation]]
[2020.03.25-13.00.09:876][  0]LogConfig: Setting CVar [[r.DOF.Kernel.MaxForegroundRadius:0.025]]
[2020.03.25-13.00.09:876][  0]LogConfig: Setting CVar [[r.DOF.Kernel.MaxBackgroundRadius:0.025]]
[2020.03.25-13.00.09:876][  0]LogConfig: Applying CVar settings from Section [TextureQuality@3] File [B:/3dsMax/3dsmax-scene/graph_env_project/Saved/Config/Windows/Scalability.ini]
[2020.03.25-13.00.09:876][  0]LogConfig: Setting CVar [[r.Streaming.MipBias:0]]
[2020.03.25-13.00.09:876][  0]LogConfig: Setting CVar [[r.Streaming.AmortizeCPUToGPUCopy:0]]
[2020.03.25-13.00.09:876][  0]LogConfig: Setting CVar [[r.Streaming.MaxNumTexturesToStreamPerFrame:0]]
[2020.03.25-13.00.09:876][  0]LogConfig: Setting CVar [[r.Streaming.Boost:1]]
[2020.03.25-13.00.09:876][  0]LogConfig: Setting CVar [[r.MaxAnisotropy:8]]
[2020.03.25-13.00.09:876][  0]LogConfig: Setting CVar [[r.Streaming.LimitPoolSizeToVRAM:0]]
[2020.03.25-13.00.09:876][  0]LogConfig: Setting CVar [[r.Streaming.PoolSize:1000]]
[2020.03.25-13.00.09:876][  0]LogConfig: Setting CVar [[r.Streaming.MaxEffectiveScreenSize:0]]
[2020.03.25-13.00.09:876][  0]LogConfig: Applying CVar settings from Section [EffectsQuality@3] File [B:/3dsMax/3dsmax-scene/graph_env_project/Saved/Config/Windows/Scalability.ini]
[2020.03.25-13.00.09:876][  0]LogConfig: Setting CVar [[r.TranslucencyLightingVolumeDim:64]]
[2020.03.25-13.00.09:876][  0]LogConfig: Setting CVar [[r.RefractionQuality:2]]
[2020.03.25-13.00.09:876][  0]LogConfig: Setting CVar [[r.SSR.Quality:3]]
[2020.03.25-13.00.09:876][  0]LogConfig: Setting CVar [[r.SceneColorFormat:4]]
[2020.03.25-13.00.09:876][  0]LogConfig: Setting CVar [[r.DetailMode:2]]
[2020.03.25-13.00.09:876][  0]LogConfig: Setting CVar [[r.TranslucencyVolumeBlur:1]]
[2020.03.25-13.00.09:876][  0]LogConfig: Setting CVar [[r.MaterialQualityLevel:1 ; High quality]]
[2020.03.25-13.00.09:876][  0]LogConfig: Setting CVar [[r.SSS.Scale:1]]
[2020.03.25-13.00.09:876][  0]LogConfig: Setting CVar [[r.SSS.SampleSet:2]]
[2020.03.25-13.00.09:876][  0]LogConfig: Setting CVar [[r.SSS.Quality:1]]
[2020.03.25-13.00.09:876][  0]LogConfig: Setting CVar [[r.SSS.HalfRes:1]]
[2020.03.25-13.00.09:876][  0]LogConfig: Setting CVar [[r.EmitterSpawnRateScale:1.0]]
[2020.03.25-13.00.09:876][  0]LogConfig: Setting CVar [[r.ParticleLightQuality:2]]
[2020.03.25-13.00.09:876][  0]LogConfig: Applying CVar settings from Section [FoliageQuality@3] File [B:/3dsMax/3dsmax-scene/graph_env_project/Saved/Config/Windows/Scalability.ini]
[2020.03.25-13.00.09:876][  0]LogConfig: Setting CVar [[foliage.DensityScale:1.0]]
[2020.03.25-13.00.09:876][  0]LogConfig: Setting CVar [[grass.DensityScale:1.0]]
[2020.03.25-13.00.09:876][  0]LogConfig: Applying CVar settings from Section [Startup] File [../../../Engine/Config/ConsoleVariables.ini]
[2020.03.25-13.00.09:880][  0]LogConfig: Setting CVar [[net.UseAdaptiveNetUpdateFrequency:0]]
[2020.03.25-13.00.09:880][  0]LogConfig: Setting CVar [[p.chaos.AllowCreatePhysxBodies:1]]
[2020.03.25-13.00.09:880][  0]LogConfig: Applying CVar settings from Section [ConsoleVariables] File [B:/3dsMax/3dsmax-scene/graph_env_project/Saved/Config/Windows/Engine.ini]
[2020.03.25-13.00.09:880][  0]LogInit: Computer: YUUKI-PC
[2020.03.25-13.00.09:880][  0]LogInit: User: Angeline
[2020.03.25-13.00.09:880][  0]LogInit: CPU Page size=4096, Cores=6
[2020.03.25-13.00.09:880][  0]LogInit: High frequency timer resolution =10.000000 MHz
[2020.03.25-13.00.09:880][  0]LogMemory: Memory total: Physical=15.9GB (16GB approx)
[2020.03.25-13.00.09:880][  0]LogMemory: Platform Memory Stats for Windows
[2020.03.25-13.00.09:880][  0]LogMemory: Process Physical Memory: 98.32 MB used, 98.33 MB peak
[2020.03.25-13.00.09:880][  0]LogMemory: Process Virtual Memory: 90.15 MB used, 90.15 MB peak
[2020.03.25-13.00.09:880][  0]LogMemory: Physical Memory: 8131.86 MB used,  8200.66 MB free, 16332.52 MB total
[2020.03.25-13.00.09:880][  0]LogMemory: Virtual Memory: 4660.49 MB used,  134213064.00 MB free, 134217728.00 MB total
[2020.03.25-13.00.09:901][  0]LogInit: Using OS detected language (en-GB).
[2020.03.25-13.00.09:901][  0]LogInit: Using OS detected locale (en-CA).
[2020.03.25-13.00.09:901][  0]LogTextLocalizationManager: No specific localization for 'en-GB' exists, so the 'en' localization will be used.
[2020.03.25-13.00.10:049][  0]LogInit: Setting process to per monitor DPI aware
[2020.03.25-13.00.10:088][  0]LogSlate: New Slate User Created.  User Index 0, Is Virtual User: 0
[2020.03.25-13.00.10:088][  0]LogSlate: Slate User Registered.  User Index 0, Is Virtual User: 0
[2020.03.25-13.00.10:243][  0]LogHMD: Failed to initialize OpenVR with code 110
[2020.03.25-13.00.10:243][  0]LogD3D11RHI: D3D11 adapters:
[2020.03.25-13.00.10:300][  0]LogD3D11RHI:    0. 'NVIDIA GeForce GTX 1080 Ti' (Feature Level 11_0)
[2020.03.25-13.00.10:300][  0]LogD3D11RHI:       11127/0/8166 MB DedicatedVideo/DedicatedSystem/SharedSystem, Outputs:3, VendorId:0x10de
[2020.03.25-13.00.10:302][  0]LogD3D11RHI:    1. 'Microsoft Basic Render Driver' (Feature Level 11_0)
[2020.03.25-13.00.10:302][  0]LogD3D11RHI:       0/0/8166 MB DedicatedVideo/DedicatedSystem/SharedSystem, Outputs:0, VendorId:0x1414
[2020.03.25-13.00.10:302][  0]LogD3D11RHI: Chosen D3D11 Adapter: 0
[2020.03.25-13.00.10:311][  0]LogD3D11RHI: Creating new Direct3DDevice
[2020.03.25-13.00.10:311][  0]LogD3D11RHI:     GPU DeviceId: 0x1b06 (for the marketing name, search the web for "GPU Device Id")
[2020.03.25-13.00.10:311][  0]LogWindows: EnumDisplayDevices:
[2020.03.25-13.00.10:311][  0]LogWindows:    0. 'NVIDIA GeForce GTX 1080 Ti' (P:1 D:1)
[2020.03.25-13.00.10:311][  0]LogWindows:    1. 'NVIDIA GeForce GTX 1080 Ti' (P:0 D:1)
[2020.03.25-13.00.10:311][  0]LogWindows:    2. 'NVIDIA GeForce GTX 1080 Ti' (P:0 D:1)
[2020.03.25-13.00.10:312][  0]LogWindows:    3. 'NVIDIA GeForce GTX 1080 Ti' (P:0 D:0)
[2020.03.25-13.00.10:312][  0]LogWindows: DebugString: FoundDriverCount:4 
[2020.03.25-13.00.10:312][  0]LogD3D11RHI:     Adapter Name: NVIDIA GeForce GTX 1080 Ti
[2020.03.25-13.00.10:312][  0]LogD3D11RHI:   Driver Version: 441.66 (internal:26.21.14.4166, unified:441.66)
[2020.03.25-13.00.10:312][  0]LogD3D11RHI:      Driver Date: 12-6-2019
[2020.03.25-13.00.10:312][  0]LogRHI: Texture pool is 7788 MB (70% of 11127 MB)
[2020.03.25-13.00.10:354][  0]LogD3D11RHI: Async texture creation enabled
[2020.03.25-13.00.10:357][  0]LogRendererCore: FGlobalReadBuffer::InitRHI
[2020.03.25-13.00.10:357][  0]LogRendererCore: FGlobalReadBuffer::InitRHI
[2020.03.25-13.00.10:357][  0]LogRendererCore: FGlobalReadBuffer::InitRHI
[2020.03.25-13.00.10:365][  0]LogD3D11RHI: GPU Timing Frequency: 1000.000000 (Debug: 2 1)
[2020.03.25-13.00.10:725][  0]LogTemp: Display: Module 'AllDesktopTargetPlatform' loaded TargetPlatform 'AllDesktop'
[2020.03.25-13.00.10:736][  0]LogTemp: Display: Module 'MacClientTargetPlatform' loaded TargetPlatform 'MacClient'
[2020.03.25-13.00.10:746][  0]LogTemp: Display: Module 'MacNoEditorTargetPlatform' loaded TargetPlatform 'MacNoEditor'
[2020.03.25-13.00.10:757][  0]LogTemp: Display: Module 'MacServerTargetPlatform' loaded TargetPlatform 'MacServer'
[2020.03.25-13.00.10:770][  0]LogTemp: Display: Module 'MacTargetPlatform' loaded TargetPlatform 'Mac'
[2020.03.25-13.00.10:781][  0]LogTemp: Display: Module 'WindowsClientTargetPlatform' loaded TargetPlatform 'WindowsClient'
[2020.03.25-13.00.10:807][  0]LogTemp: Display: Module 'WindowsNoEditorTargetPlatform' loaded TargetPlatform 'WindowsNoEditor'
[2020.03.25-13.00.10:831][  0]LogTemp: Display: Module 'WindowsServerTargetPlatform' loaded TargetPlatform 'WindowsServer'
[2020.03.25-13.00.10:842][  0]LogTemp: Display: Module 'WindowsTargetPlatform' loaded TargetPlatform 'Windows'
[2020.03.25-13.00.10:911][  0]LogTemp: Display: Module 'AndroidTargetPlatform' loaded TargetPlatform 'Android'
[2020.03.25-13.00.10:911][  0]LogTemp: Display: Module 'AndroidTargetPlatform' loaded TargetPlatform 'Android_ASTC'
[2020.03.25-13.00.10:911][  0]LogTemp: Display: Module 'AndroidTargetPlatform' loaded TargetPlatform 'Android_ATC'
[2020.03.25-13.00.10:911][  0]LogTemp: Display: Module 'AndroidTargetPlatform' loaded TargetPlatform 'Android_DXT'
[2020.03.25-13.00.10:911][  0]LogTemp: Display: Module 'AndroidTargetPlatform' loaded TargetPlatform 'Android_ETC1'
[2020.03.25-13.00.10:911][  0]LogTemp: Display: Module 'AndroidTargetPlatform' loaded TargetPlatform 'Android_ETC1a'
[2020.03.25-13.00.10:911][  0]LogTemp: Display: Module 'AndroidTargetPlatform' loaded TargetPlatform 'Android_ETC2'
[2020.03.25-13.00.10:911][  0]LogTemp: Display: Module 'AndroidTargetPlatform' loaded TargetPlatform 'Android_PVRTC'
[2020.03.25-13.00.10:911][  0]LogTemp: Display: Module 'AndroidTargetPlatform' loaded TargetPlatform 'AndroidClient'
[2020.03.25-13.00.10:911][  0]LogTemp: Display: Module 'AndroidTargetPlatform' loaded TargetPlatform 'Android_ASTCClient'
[2020.03.25-13.00.10:911][  0]LogTemp: Display: Module 'AndroidTargetPlatform' loaded TargetPlatform 'Android_ATCClient'
[2020.03.25-13.00.10:911][  0]LogTemp: Display: Module 'AndroidTargetPlatform' loaded TargetPlatform 'Android_DXTClient'
[2020.03.25-13.00.10:911][  0]LogTemp: Display: Module 'AndroidTargetPlatform' loaded TargetPlatform 'Android_ETC1Client'
[2020.03.25-13.00.10:911][  0]LogTemp: Display: Module 'AndroidTargetPlatform' loaded TargetPlatform 'Android_ETC1aClient'
[2020.03.25-13.00.10:911][  0]LogTemp: Display: Module 'AndroidTargetPlatform' loaded TargetPlatform 'Android_ETC2Client'
[2020.03.25-13.00.10:911][  0]LogTemp: Display: Module 'AndroidTargetPlatform' loaded TargetPlatform 'Android_PVRTCClient'
[2020.03.25-13.00.10:911][  0]LogTemp: Display: Module 'AndroidTargetPlatform' loaded TargetPlatform 'Android_Multi'
[2020.03.25-13.00.10:911][  0]LogTemp: Display: Module 'AndroidTargetPlatform' loaded TargetPlatform 'Android_MultiClient'
[2020.03.25-13.00.10:913][  0]LogTemp: Display: Module 'HTML5TargetPlatform' loaded TargetPlatform 'HTML5'
[2020.03.25-13.00.10:956][  0]LogTemp: Display: Module 'IOSTargetPlatform' loaded TargetPlatform 'IOSClient'
[2020.03.25-13.00.10:956][  0]LogTemp: Display: Module 'IOSTargetPlatform' loaded TargetPlatform 'IOS'
[2020.03.25-13.00.10:974][  0]LogTemp: Display: Module 'TVOSTargetPlatform' loaded TargetPlatform 'TVOSClient'
[2020.03.25-13.00.10:974][  0]LogTemp: Display: Module 'TVOSTargetPlatform' loaded TargetPlatform 'TVOS'
[2020.03.25-13.00.10:984][  0]LogTemp: Display: Module 'LinuxClientTargetPlatform' loaded TargetPlatform 'LinuxClient'
[2020.03.25-13.00.10:993][  0]LogTemp: Display: Module 'LinuxNoEditorTargetPlatform' loaded TargetPlatform 'LinuxNoEditor'
[2020.03.25-13.00.11:003][  0]LogTemp: Display: Module 'LinuxServerTargetPlatform' loaded TargetPlatform 'LinuxServer'
[2020.03.25-13.00.11:012][  0]LogTemp: Display: Module 'LinuxTargetPlatform' loaded TargetPlatform 'Linux'
[2020.03.25-13.00.11:044][  0]LogTemp: Display: Module 'LuminTargetPlatform' loaded TargetPlatform 'Lumin'
[2020.03.25-13.00.11:045][  0]LogTemp: Display: Module 'LuminTargetPlatform' loaded TargetPlatform 'LuminClient'
[2020.03.25-13.00.11:045][  0]LogTargetPlatformManager: Display: Building Assets For Windows
[2020.03.25-13.00.11:052][  0]LogAudioDebug: Display: Lib vorbis DLL was dynamically loaded.
[2020.03.25-13.00.11:092][  0]LogShaderCompilers: Guid format shader working directory is 8 characters bigger than the processId version (B:/3dsMax/3dsmax-scene/graph_env_project/Intermediate/Shaders/WorkingDirectory/56084/).
[2020.03.25-13.00.11:092][  0]LogShaderCompilers: Cleaned the shader compiler working directory 'C:/Users/Angeline/AppData/Local/Temp/UnrealShaderWorkingDir/CCA6B6D142A18D46E6528AB11A9A9465/'.
[2020.03.25-13.00.11:094][  0]LogXGEController: Cannot use XGE Controller as Incredibuild is not installed on this machine.
[2020.03.25-13.00.11:094][  0]LogShaderCompilers: Cannot use XGE Shader Compiler as Incredibuild is not installed on this machine.
[2020.03.25-13.00.11:094][  0]LogShaderCompilers: Display: Using Local Shader Compiler.
[2020.03.25-13.00.11:549][  0]LogDerivedDataCache: Display: Max Cache Size: 512 MB
[2020.03.25-13.00.11:595][  0]LogDerivedDataCache: Loaded boot cache 0.05s 81MB C:/Users/Angeline/AppData/Local/UnrealEngine/4.22/DerivedDataCache/Boot.ddc.
[2020.03.25-13.00.11:595][  0]LogDerivedDataCache: Display: Loaded Boot cache: C:/Users/Angeline/AppData/Local/UnrealEngine/4.22/DerivedDataCache/Boot.ddc
[2020.03.25-13.00.11:595][  0]LogDerivedDataCache: FDerivedDataBackendGraph:  Pak pak cache file B:/3dsMax/3dsmax-scene/graph_env_project/DerivedDataCache/DDC.ddp not found, will not use a pak cache.
[2020.03.25-13.00.11:595][  0]LogDerivedDataCache: Unable to find inner node Pak for hierarchical cache Hierarchy.
[2020.03.25-13.00.11:595][  0]LogDerivedDataCache: FDerivedDataBackendGraph:  CompressedPak pak cache file B:/3dsMax/3dsmax-scene/graph_env_project/DerivedDataCache/Compressed.ddp not found, will not use a pak cache.
[2020.03.25-13.00.11:595][  0]LogDerivedDataCache: Unable to find inner node CompressedPak for hierarchical cache Hierarchy.
[2020.03.25-13.00.11:610][  0]LogDerivedDataCache: Display: Pak cache opened for reading ../../../Engine/DerivedDataCache/Compressed.ddp.
[2020.03.25-13.00.11:610][  0]LogDerivedDataCache: FDerivedDataBackendGraph:  EnterprisePak pak cache file ../../../Enterprise/DerivedDataCache/Compressed.ddp not found, will not use a pak cache.
[2020.03.25-13.00.11:610][  0]LogDerivedDataCache: Unable to find inner node EnterprisePak for hierarchical cache Hierarchy.
[2020.03.25-13.00.11:624][  0]LogDerivedDataCache: Using Local data cache path C:/Users/Angeline/AppData/Local/UnrealEngine/Common/DerivedDataCache: Writable
[2020.03.25-13.00.11:624][  0]LogDerivedDataCache: Shared data cache path not found in *engine.ini, will not use an Shared cache.
[2020.03.25-13.00.11:624][  0]LogDerivedDataCache: Unable to find inner node Shared for hierarchical cache Hierarchy.
[2020.03.25-13.00.11:642][  0]LogMaterial: Verifying Global Shaders for PCD3D_SM5
[2020.03.25-13.00.11:643][  0]LogSlate: Using FreeType 2.6.0
[2020.03.25-13.00.11:643][  0]LogSlate: SlateFontServices - WITH_FREETYPE: 1, WITH_HARFBUZZ: 1
[2020.03.25-13.00.11:721][  0]LogAssetRegistry: FAssetRegistry took 0.0307 seconds to start up
[2020.03.25-13.00.11:976][  0]LogInit: Selected Device Profile: [Windows]
[2020.03.25-13.00.12:088][  0]LogMeshReduction: Using QuadricMeshReduction for automatic static mesh reduction
[2020.03.25-13.00.12:088][  0]LogMeshReduction: Using SimplygonMeshReduction for automatic skeletal mesh reduction
[2020.03.25-13.00.12:088][  0]LogMeshReduction: Using ProxyLODMeshReduction for automatic mesh merging
[2020.03.25-13.00.12:088][  0]LogMeshReduction: No distributed automatic mesh merging module available
[2020.03.25-13.00.12:088][  0]LogMeshMerging: No distributed automatic mesh merging module available
[2020.03.25-13.00.12:098][  0]LogNetVersion: graph_env_project 1.0.0, NetCL: 5660361, EngineNetVer: 10, GameNetVer: 0 (Checksum: 3683650952)
[2020.03.25-13.00.12:454][  0]LogPackageLocalizationCache: Processed 10 localized package path(s) for 1 prioritized culture(s) in 0.055728 seconds
[2020.03.25-13.00.12:461][  0]LogUObjectArray: 42205 objects as part of root set at end of initial load.
[2020.03.25-13.00.12:462][  0]LogUObjectAllocator: 7325032 out of 0 bytes used by permanent object pool.
[2020.03.25-13.00.12:462][  0]LogUObjectArray: CloseDisregardForGC: 0/0 objects in disregard for GC pool
[2020.03.25-13.00.13:224][  0]LogTcpMessaging: Initializing TcpMessaging bridge
[2020.03.25-13.00.13:247][  0]LogUdpMessaging: Initializing bridge on interface 0.0.0.0:0 to multicast group 230.0.0.1:6666.
[2020.03.25-13.00.13:364][  0]SourceControl: Source control is disabled
[2020.03.25-13.00.13:364][  0]SourceControl: Source control is disabled
[2020.03.25-13.00.13:365][  0]SourceControl: Source control is disabled
[2020.03.25-13.00.13:366][  0]SourceControl: Source control is disabled
[2020.03.25-13.00.13:431][  0]LogAndroidPermission: UAndroidPermissionCallbackProxy::GetInstance
[2020.03.25-13.00.13:545][  0]LogOcInput: OculusInput pre-init called
[2020.03.25-13.00.14:219][  0]LogEngine: Initializing Engine...
[2020.03.25-13.00.14:220][  0]LogHMD: Failed to initialize OpenVR with code 110
[2020.03.25-13.00.14:221][  0]LogStats: UGameplayTagsManager::InitializeManager -  0.000 s
[2020.03.25-13.00.14:390][  0]LogInit: Initializing FReadOnlyCVARCache
[2020.03.25-13.00.14:403][  0]LogAIModule: Creating AISystem for world Untitled
[2020.03.25-13.00.14:444][  0]LogInit: XAudio2 using 'Headphones (4- Arctis 7 Game)' : 2 channels at 48 kHz using 16 bits per sample (channel mask 0x3)
[2020.03.25-13.00.14:460][  0]LogInit: FAudioDevice initialized.
[2020.03.25-13.00.14:460][  0]LogNetVersion: Set ProjectVersion to 1.0.0.0. Version Checksum will be recalculated on next use.
[2020.03.25-13.00.14:510][  0]LogDerivedDataCache: Saved boot cache 0.05s 81MB C:/Users/Angeline/AppData/Local/UnrealEngine/4.22/DerivedDataCache/Boot.ddc.
[2020.03.25-13.00.14:518][  0]LogInit: Texture streaming: Enabled
[2020.03.25-13.00.14:535][  0]LogEngineSessionManager: EngineSessionManager initialized
[2020.03.25-13.00.14:557][  0]LogInit: Transaction tracking system initialized
[2020.03.25-13.00.14:578][  0]BlueprintLog: New page: Editor Load
[2020.03.25-13.00.14:683][  0]LocalizationService: Localization service is disabled
[2020.03.25-13.00.14:990][  0]LogFileCache: Scanning file cache for directory 'B:/3dsMax/3dsmax-scene/graph_env_project/Content/' took 0.01s
[2020.03.25-13.00.14:990][  0]LogCook: Display: Max memory allowance for cook 16384mb min free memory 0mb
[2020.03.25-13.00.14:990][  0]LogCook: Display: Mobile HDR setting 1
[2020.03.25-13.00.15:156][  0]SourceControl: Source control is disabled
[2020.03.25-13.00.15:156][  0]Cmd: MAP LOAD FILE="B:/3dsMax/3dsmax-scene/graph_env_project/Content/ThirdPersonBP/Maps/ThirdPersonExampleMap.umap" TEMPLATE=0 SHOWPROGRESS=1 FEATURELEVEL=3
[2020.03.25-13.00.15:156][  0]LightingResults: New page: Lighting Build
[2020.03.25-13.00.15:159][  0]MapCheck: New page: Map Check
[2020.03.25-13.00.15:159][  0]LightingResults: New page: Lighting Build
[2020.03.25-13.00.15:184][  0]LogUObjectHash: Compacting FUObjectHashTables data took   1.19ms
[2020.03.25-13.00.15:391][  0]LogAIModule: Creating AISystem for world ThirdPersonExampleMap
[2020.03.25-13.00.15:399][  0]LogEditorServer: Finished looking for orphan Actors (0.000 secs)
[2020.03.25-13.00.15:425][  0]LogUObjectHash: Compacting FUObjectHashTables data took   1.66ms
[2020.03.25-13.00.15:426][  0]Cmd: MAP CHECKDEP NOCLEARLOG
[2020.03.25-13.00.15:426][  0]MapCheck: Map check complete: 0 Error(s), 0 Warning(s), took 0.094ms to complete.
[2020.03.25-13.00.15:426][  0]LogFileHelpers: Loading map 'ThirdPersonExampleMap' took 0.270
[2020.03.25-13.00.15:610][  0]LogSlate: Updating window title bar state: overlay mode, drag disabled, window buttons hidden, title bar hidden
[2020.03.25-13.00.15:620][  0]LogSlate: Updating window title bar state: overlay mode, drag disabled, window buttons hidden, title bar hidden
[2020.03.25-13.00.15:628][  0]LogSlate: Updating window title bar state: overlay mode, drag disabled, window buttons hidden, title bar hidden
[2020.03.25-13.00.15:637][  0]LogSlate: Updating window title bar state: overlay mode, drag disabled, window buttons hidden, title bar hidden
[2020.03.25-13.00.15:646][  0]LogCollectionManager: Loaded 0 collections in 0.001237 seconds
[2020.03.25-13.00.15:689][  0]LogFileCache: Scanning file cache for directory 'B:/3dsMax/3dsmax-scene/graph_env_project/Saved/Collections/' took 0.01s
[2020.03.25-13.00.15:689][  0]LogFileCache: Scanning file cache for directory 'B:/3dsMax/3dsmax-scene/graph_env_project/Content/Developers/Angeline/Collections/' took 0.01s
[2020.03.25-13.00.15:689][  0]LogFileCache: Scanning file cache for directory 'B:/3dsMax/3dsmax-scene/graph_env_project/Content/Collections/' took 0.01s
[2020.03.25-13.00.15:689][  0]LogCollectionManager: Rebuilt the GUID cache for 0 collections in 0.000001 seconds
[2020.03.25-13.00.15:702][  0]LogContentBrowser: Native class hierarchy populated in 0.0125 seconds. Added 2732 classes and 659 folders.
[2020.03.25-13.00.15:714][  0]LogContentBrowser: Native class hierarchy updated for 'WidgetCarousel' in 0.0003 seconds. Added 0 classes and 0 folders.
[2020.03.25-13.00.15:717][  0]LogPakFile: Registered encryption key '00000000000000000000000000000000': 0 pak files mounted, 0 remain pending
[2020.03.25-13.00.15:718][  0]LogPakFile: Registered encryption key '00000000000000000000000000000000': 0 pak files mounted, 0 remain pending
[2020.03.25-13.00.15:718][  0]LogPakFile: Registered encryption key '00000000000000000000000000000000': 0 pak files mounted, 0 remain pending
[2020.03.25-13.00.15:719][  0]LogPakFile: Registered encryption key '00000000000000000000000000000000': 0 pak files mounted, 0 remain pending
[2020.03.25-13.00.15:720][  0]LogPakFile: Registered encryption key '00000000000000000000000000000000': 0 pak files mounted, 0 remain pending
[2020.03.25-13.00.15:720][  0]LogPakFile: Registered encryption key '00000000000000000000000000000000': 0 pak files mounted, 0 remain pending
[2020.03.25-13.00.15:721][  0]LogPakFile: Registered encryption key '00000000000000000000000000000000': 0 pak files mounted, 0 remain pending
[2020.03.25-13.00.15:722][  0]LogPakFile: Registered encryption key '00000000000000000000000000000000': 0 pak files mounted, 0 remain pending
[2020.03.25-13.00.15:722][  0]LogPakFile: Registered encryption key '00000000000000000000000000000000': 0 pak files mounted, 0 remain pending
[2020.03.25-13.00.15:723][  0]LogPakFile: Registered encryption key '00000000000000000000000000000000': 0 pak files mounted, 0 remain pending
[2020.03.25-13.00.15:724][  0]LogPakFile: Registered encryption key '00000000000000000000000000000000': 0 pak files mounted, 0 remain pending
[2020.03.25-13.00.15:724][  0]LogPakFile: Registered encryption key '00000000000000000000000000000000': 0 pak files mounted, 0 remain pending
[2020.03.25-13.00.15:725][  0]LogPakFile: Registered encryption key '00000000000000000000000000000000': 0 pak files mounted, 0 remain pending
[2020.03.25-13.00.15:726][  0]LogPakFile: Registered encryption key '00000000000000000000000000000000': 0 pak files mounted, 0 remain pending
[2020.03.25-13.00.15:727][  0]LogPakFile: Registered encryption key '00000000000000000000000000000000': 0 pak files mounted, 0 remain pending
[2020.03.25-13.00.15:728][  0]LogPakFile: Registered encryption key '00000000000000000000000000000000': 0 pak files mounted, 0 remain pending
[2020.03.25-13.00.15:728][  0]LogPakFile: Registered encryption key '00000000000000000000000000000000': 0 pak files mounted, 0 remain pending
[2020.03.25-13.00.15:729][  0]LogPakFile: Registered encryption key '00000000000000000000000000000000': 0 pak files mounted, 0 remain pending
[2020.03.25-13.00.15:730][  0]LogPakFile: Registered encryption key '00000000000000000000000000000000': 0 pak files mounted, 0 remain pending
[2020.03.25-13.00.15:731][  0]LogPakFile: Registered encryption key '00000000000000000000000000000000': 0 pak files mounted, 0 remain pending
[2020.03.25-13.00.15:732][  0]LogPakFile: Registered encryption key '00000000000000000000000000000000': 0 pak files mounted, 0 remain pending
[2020.03.25-13.00.15:732][  0]LogPakFile: Registered encryption key '00000000000000000000000000000000': 0 pak files mounted, 0 remain pending
[2020.03.25-13.00.15:733][  0]LogPakFile: Registered encryption key '00000000000000000000000000000000': 0 pak files mounted, 0 remain pending
[2020.03.25-13.00.15:734][  0]LogPakFile: Registered encryption key '00000000000000000000000000000000': 0 pak files mounted, 0 remain pending
[2020.03.25-13.00.15:735][  0]LogPakFile: Registered encryption key '00000000000000000000000000000000': 0 pak files mounted, 0 remain pending
[2020.03.25-13.00.15:735][  0]LogPakFile: Registered encryption key '00000000000000000000000000000000': 0 pak files mounted, 0 remain pending
[2020.03.25-13.00.15:759][  0]LogContentBrowser: Native class hierarchy updated for 'AddContentDialog' in 0.0002 seconds. Added 0 classes and 0 folders.
[2020.03.25-13.00.15:773][  0]LogContentBrowser: Native class hierarchy updated for 'SceneOutliner' in 0.0002 seconds. Added 1 classes and 2 folders.
[2020.03.25-13.00.15:857][  0]LogSlate: Took 0.000127 seconds to synchronously load lazily loaded font '../../../Engine/Content/Slate/Fonts/Roboto-Regular.ttf' (155K)
[2020.03.25-13.00.15:859][  0]LogSlate: Took 0.000111 seconds to synchronously load lazily loaded font '../../../Engine/Content/Slate/Fonts/Roboto-Bold.ttf' (160K)
[2020.03.25-13.00.15:869][  0]LogSlate: Took 0.005652 seconds to synchronously load lazily loaded font '../../../Engine/Content/Editor/Slate/Fonts/FontAwesome.ttf' (139K)
[2020.03.25-13.00.15:946][  0]LogRenderer: Reallocating scene render targets to support 1208x572 Format 10 NumSamples 1 (Frame:1).
[2020.03.25-13.00.16:053][  0]LogContentBrowser: Native class hierarchy updated for 'HierarchicalLODOutliner' in 0.0002 seconds. Added 0 classes and 0 folders.
[2020.03.25-13.00.16:053][  0]LogLoad: (Engine Initialization) Total time: 8.15 seconds
[2020.03.25-13.00.16:053][  0]LogLoad: (Engine Initialization) Total Blueprint compile time: 0.00 seconds
[2020.03.25-13.00.16:089][  0]LogContentStreaming: Texture pool size now 1000 MB
[2020.03.25-13.00.16:099][  0]LogSlate: Took 0.000126 seconds to synchronously load lazily loaded font '../../../Engine/Content/Slate/Fonts/Roboto-Light.ttf' (167K)
[2020.03.25-13.00.16:207][  8]LogAssetRegistry: Asset discovery search completed in 4.5089 seconds
[2020.03.25-13.00.16:209][  8]LogCollectionManager: Rebuilt the object cache for 0 collections in 0.000000 seconds (found 0 objects)
[2020.03.25-13.00.16:209][  8]LogCollectionManager: Fixed up redirectors for 0 collections in 0.000036 seconds (updated 0 objects)
[2020.03.25-13.06.20:536][963]LogSlate: FSceneViewport::OnFocusLost() reason 0
[2020.03.25-13.06.44:154][771]LogSlate: Took 0.000169 seconds to synchronously load lazily loaded font '../../../Engine/Content/Slate/Fonts/Roboto-Light.ttf' (167K)
[2020.03.25-13.06.44:161][771]LogAssetEditorManager: Opening Asset editor for World /Game/ThirdPersonBP/Maps/MainScene.MainScene
[2020.03.25-13.06.44:186][771]LogUObjectHash: Compacting FUObjectHashTables data took   1.16ms
[2020.03.25-13.06.47:552][771]LogSlate: Window 'Save Content' being destroyed
[2020.03.25-13.06.47:558][771]Cmd: OBJ SAVEPACKAGE PACKAGE="/Game/ThirdPersonBP/Maps/MainScene" FILE="B:/3dsMax/3dsmax-scene/graph_env_project/Content/ThirdPersonBP/Maps/MainScene.umap" SILENT=true AUTOSAVING=false KEEPDIRTY=false
[2020.03.25-13.06.47:586][771]LogUObjectHash: Compacting FUObjectHashTables data took   0.51ms
[2020.03.25-13.06.47:597][771]LogSavePackage: Moving 'B:/3dsMax/3dsmax-scene/graph_env_project/Saved/MainSceneCC0123FB44A07710EB5058993CB4031D.tmp' to 'B:/3dsMax/3dsmax-scene/graph_env_project/Content/ThirdPersonBP/Maps/MainScene.umap'
[2020.03.25-13.06.47:602][771]LogFileHelpers: Saving map 'MainScene' took 0.044
[2020.03.25-13.06.47:603][771]Cmd: MAP LOAD FILE="B:/3dsMax/3dsmax-scene/graph_env_project/Content/ThirdPersonBP/Maps/MainScene.umap" TEMPLATE=0 SHOWPROGRESS=1 FEATURELEVEL=3
[2020.03.25-13.06.47:604][771]LightingResults: New page: Lighting Build
[2020.03.25-13.06.47:604][771]LoadErrors: New page: Loading map: MainScene.umap
[2020.03.25-13.06.47:606][771]MapCheck: New page: Map Check
[2020.03.25-13.06.47:606][771]LightingResults: New page: Lighting Build
[2020.03.25-13.06.47:632][771]LogUObjectHash: Compacting FUObjectHashTables data took   1.43ms
[2020.03.25-13.06.47:670][771]LogEditorServer: Finished looking for orphan Actors (0.000 secs)
[2020.03.25-13.06.47:670][771]LogAIModule: Creating AISystem for world MainScene
[2020.03.25-13.06.47:690][771]LogUObjectHash: Compacting FUObjectHashTables data took   0.77ms
[2020.03.25-13.06.47:704][771]Cmd: MAP CHECKDEP NOCLEARLOG
[2020.03.25-13.06.47:704][771]MapCheck: Map check complete: 0 Error(s), 0 Warning(s), took 0.056ms to complete.
[2020.03.25-13.06.47:705][771]LogFileHelpers: Loading map 'MainScene' took 0.102
[2020.03.25-13.07.00:142][135]LogSlate: Only BGRA pngs, bmps or icos are supported in by External Image Picker
[2020.03.25-13.08.24:492][137]LogSlate: Prevented a slow task dialog from being summoned while a context menu was open
[2020.03.25-13.08.32:019][ 20]LogSlate: Window 'Project Settings' being destroyed
[2020.03.25-13.08.32:024][ 20]LogSlate: Window 'Project Settings' being destroyed
[2020.03.25-13.08.41:716][175]LogSlate: FSceneViewport::OnFocusLost() reason 0
[2020.03.25-13.08.57:465][ 55]LogSlate: FSceneViewport::OnFocusLost() reason 0
[2020.03.25-13.08.59:649][317]LogEditorViewport: Clicking on Actor (LMB): SkyLight (SkyLight)
[2020.03.25-13.09.10:138][569]LogSlate: FSceneViewport::OnFocusLost() reason 0
[2020.03.25-13.09.16:210][289]LogAssetEditorManager: Opening Asset editor for World /Game/ThirdPersonBP/Maps/MainScene.MainScene
[2020.03.25-13.09.16:232][289]LogUObjectHash: Compacting FUObjectHashTables data took   1.17ms
[2020.03.25-13.09.17:806][289]LogSlate: Window 'Save Content' being destroyed
[2020.03.25-13.09.17:812][289]Cmd: OBJ SAVEPACKAGE PACKAGE="/Game/ThirdPersonBP/Maps/MainScene" FILE="B:/3dsMax/3dsmax-scene/graph_env_project/Content/ThirdPersonBP/Maps/MainScene.umap" SILENT=true AUTOSAVING=false KEEPDIRTY=false
[2020.03.25-13.09.17:838][289]LogUObjectHash: Compacting FUObjectHashTables data took   0.55ms
[2020.03.25-13.09.17:904][289]LogSavePackage: Moving 'B:/3dsMax/3dsmax-scene/graph_env_project/Saved/MainSceneE302E71E4E0211D12D82EF8C581596FE.tmp' to 'B:/3dsMax/3dsmax-scene/graph_env_project/Content/ThirdPersonBP/Maps/MainScene.umap'
[2020.03.25-13.09.17:913][289]LogFileHelpers: Saving map 'MainScene' took 0.102
[2020.03.25-13.09.17:915][289]Cmd: MAP LOAD FILE="B:/3dsMax/3dsmax-scene/graph_env_project/Content/ThirdPersonBP/Maps/MainScene.umap" TEMPLATE=0 SHOWPROGRESS=1 FEATURELEVEL=3
[2020.03.25-13.09.17:915][289]LightingResults: New page: Lighting Build
[2020.03.25-13.09.17:916][289]LoadErrors: New page: Loading map: MainScene.umap
[2020.03.25-13.09.17:916][289]MapCheck: New page: Map Check
[2020.03.25-13.09.17:916][289]LightingResults: New page: Lighting Build
[2020.03.25-13.09.17:943][289]LogUObjectHash: Compacting FUObjectHashTables data took   1.51ms
[2020.03.25-13.09.17:946][289]LogAIModule: Creating AISystem for world MainScene
[2020.03.25-13.09.17:995][289]LogEditorServer: Finished looking for orphan Actors (0.000 secs)
[2020.03.25-13.09.18:019][289]LogUObjectHash: Compacting FUObjectHashTables data took   0.88ms
[2020.03.25-13.09.18:028][289]Cmd: MAP CHECKDEP NOCLEARLOG
[2020.03.25-13.09.18:028][289]MapCheck: Map check complete: 0 Error(s), 0 Warning(s), took 0.054ms to complete.
[2020.03.25-13.09.18:029][289]LogFileHelpers: Loading map 'MainScene' took 0.114
[2020.03.25-13.09.18:785][373]LogAIModule: Creating AISystem for world ThirdPersonExampleMap
[2020.03.25-13.09.18:808][373]LogAssetEditorManager: Opening Asset editor for World /Game/ThirdPersonBP/Maps/ThirdPersonExampleMap.ThirdPersonExampleMap
[2020.03.25-13.09.18:831][373]LogUObjectHash: Compacting FUObjectHashTables data took   0.99ms
[2020.03.25-13.09.18:831][373]Cmd: MAP LOAD FILE="B:/3dsMax/3dsmax-scene/graph_env_project/Content/ThirdPersonBP/Maps/ThirdPersonExampleMap.umap" TEMPLATE=0 SHOWPROGRESS=1 FEATURELEVEL=3
[2020.03.25-13.09.18:831][373]LightingResults: New page: Lighting Build
[2020.03.25-13.09.18:832][373]LoadErrors: New page: Loading map: ThirdPersonExampleMap.umap
[2020.03.25-13.09.18:832][373]MapCheck: New page: Map Check
[2020.03.25-13.09.18:832][373]LightingResults: New page: Lighting Build
[2020.03.25-13.09.18:857][373]LogUObjectHash: Compacting FUObjectHashTables data took   1.26ms
[2020.03.25-13.09.18:952][373]LogEditorServer: Finished looking for orphan Actors (0.000 secs)
[2020.03.25-13.09.18:976][373]LogUObjectHash: Compacting FUObjectHashTables data took   1.34ms
[2020.03.25-13.09.18:981][373]Cmd: MAP CHECKDEP NOCLEARLOG
[2020.03.25-13.09.18:981][373]MapCheck: Map check complete: 0 Error(s), 0 Warning(s), took 0.05ms to complete.
[2020.03.25-13.09.18:981][373]LogFileHelpers: Loading map 'ThirdPersonExampleMap' took 0.151
[2020.03.25-13.09.23:745][939]LogSlate: Took 0.002677 seconds to synchronously load lazily loaded font '../../../Engine/Content/Slate/Fonts/Roboto-Italic.ttf' (157K)
[2020.03.25-13.09.26:470][263]LogAIModule: Creating AISystem for world MainScene
[2020.03.25-13.09.26:472][263]LogAssetEditorManager: Opening Asset editor for World /Game/ThirdPersonBP/Maps/MainScene.MainScene
[2020.03.25-13.09.26:494][263]LogUObjectHash: Compacting FUObjectHashTables data took   0.50ms
[2020.03.25-13.09.26:495][263]Cmd: MAP LOAD FILE="B:/3dsMax/3dsmax-scene/graph_env_project/Content/ThirdPersonBP/Maps/MainScene.umap" TEMPLATE=0 SHOWPROGRESS=1 FEATURELEVEL=3
[2020.03.25-13.09.26:495][263]LightingResults: New page: Lighting Build
[2020.03.25-13.09.26:495][263]LoadErrors: New page: Loading map: MainScene.umap
[2020.03.25-13.09.26:496][263]MapCheck: New page: Map Check
[2020.03.25-13.09.26:496][263]LightingResults: New page: Lighting Build
[2020.03.25-13.09.26:520][263]LogUObjectHash: Compacting FUObjectHashTables data took   1.36ms
[2020.03.25-13.09.26:589][263]LogEditorServer: Finished looking for orphan Actors (0.000 secs)
[2020.03.25-13.09.26:610][263]LogUObjectHash: Compacting FUObjectHashTables data took   0.88ms
[2020.03.25-13.09.26:615][263]Cmd: MAP CHECKDEP NOCLEARLOG
[2020.03.25-13.09.26:616][263]MapCheck: Map check complete: 0 Error(s), 0 Warning(s), took 0.06ms to complete.
[2020.03.25-13.09.26:616][263]LogFileHelpers: Loading map 'MainScene' took 0.121
[2020.03.25-13.09.59:967][228]Cmd: BRUSH ADD SELECTNEWBRUSH
[2020.03.25-13.10.04:057][713]LogSlate: FSceneViewport::OnFocusLost() reason 0
[2020.03.25-13.10.05:464][879]LogAIModule: Creating AISystem for world ThirdPersonExampleMap
[2020.03.25-13.10.05:488][879]LogAssetEditorManager: Opening Asset editor for World /Game/ThirdPersonBP/Maps/ThirdPersonExampleMap.ThirdPersonExampleMap
[2020.03.25-13.10.05:510][879]LogUObjectHash: Compacting FUObjectHashTables data took   1.01ms
[2020.03.25-13.10.07:751][879]LogSlate: Window 'Save Content' being destroyed
[2020.03.25-13.10.07:757][879]Cmd: OBJ SAVEPACKAGE PACKAGE="/Game/ThirdPersonBP/Maps/MainScene" FILE="B:/3dsMax/3dsmax-scene/graph_env_project/Content/ThirdPersonBP/Maps/MainScene.umap" SILENT=true AUTOSAVING=false KEEPDIRTY=false
[2020.03.25-13.10.07:784][879]LogUObjectHash: Compacting FUObjectHashTables data took   0.51ms
[2020.03.25-13.10.07:853][879]LogSavePackage: Moving 'B:/3dsMax/3dsmax-scene/graph_env_project/Saved/MainSceneB44A8CCE4416C48A430EE58BBB55BCB8.tmp' to 'B:/3dsMax/3dsmax-scene/graph_env_project/Content/ThirdPersonBP/Maps/MainScene.umap'
[2020.03.25-13.10.07:861][879]LogFileHelpers: Saving map 'MainScene' took 0.105
[2020.03.25-13.10.07:862][879]Cmd: MAP LOAD FILE="B:/3dsMax/3dsmax-scene/graph_env_project/Content/ThirdPersonBP/Maps/ThirdPersonExampleMap.umap" TEMPLATE=0 SHOWPROGRESS=1 FEATURELEVEL=3
[2020.03.25-13.10.07:862][879]LightingResults: New page: Lighting Build
[2020.03.25-13.10.07:863][879]LoadErrors: New page: Loading map: ThirdPersonExampleMap.umap
[2020.03.25-13.10.07:863][879]MapCheck: New page: Map Check
[2020.03.25-13.10.07:863][879]LightingResults: New page: Lighting Build
[2020.03.25-13.10.07:889][879]LogUObjectHash: Compacting FUObjectHashTables data took   1.54ms
[2020.03.25-13.10.08:031][879]LogEditorServer: Finished looking for orphan Actors (0.000 secs)
[2020.03.25-13.10.08:055][879]LogUObjectHash: Compacting FUObjectHashTables data took   1.31ms
[2020.03.25-13.10.08:061][879]Cmd: MAP CHECKDEP NOCLEARLOG
[2020.03.25-13.10.08:061][879]MapCheck: Map check complete: 0 Error(s), 0 Warning(s), took 0.054ms to complete.
[2020.03.25-13.10.08:061][879]LogFileHelpers: Loading map 'ThirdPersonExampleMap' took 0.199
[2020.03.25-13.10.08:079][879]LogAIModule: Creating AISystem for world MainScene
[2020.03.25-13.10.13:779][554]LogSlate: FSceneViewport::OnFocusLost() reason 0
[2020.03.25-13.10.14:246][609]LogAssetEditorManager: Opening Asset editor for World /Game/ThirdPersonBP/Maps/MainScene.MainScene
[2020.03.25-13.10.14:271][609]LogUObjectHash: Compacting FUObjectHashTables data took   0.79ms
[2020.03.25-13.10.14:272][609]Cmd: MAP LOAD FILE="B:/3dsMax/3dsmax-scene/graph_env_project/Content/ThirdPersonBP/Maps/MainScene.umap" TEMPLATE=0 SHOWPROGRESS=1 FEATURELEVEL=3
[2020.03.25-13.10.14:272][609]LightingResults: New page: Lighting Build
[2020.03.25-13.10.14:273][609]LoadErrors: New page: Loading map: MainScene.umap
[2020.03.25-13.10.14:273][609]MapCheck: New page: Map Check
[2020.03.25-13.10.14:273][609]LightingResults: New page: Lighting Build
[2020.03.25-13.10.14:298][609]LogUObjectHash: Compacting FUObjectHashTables data took   1.52ms
[2020.03.25-13.10.14:391][609]LogEditorServer: Finished looking for orphan Actors (0.000 secs)
[2020.03.25-13.10.14:413][609]LogUObjectHash: Compacting FUObjectHashTables data took   0.78ms
[2020.03.25-13.10.14:419][609]Cmd: MAP CHECKDEP NOCLEARLOG
[2020.03.25-13.10.14:419][609]MapCheck: Map check complete: 0 Error(s), 0 Warning(s), took 0.05ms to complete.
[2020.03.25-13.10.14:420][609]LogFileHelpers: Loading map 'MainScene' took 0.149
[2020.03.25-13.10.16:542][859]LogSlate: FSceneViewport::OnFocusLost() reason 0
[2020.03.25-13.10.30:175][474]LogSlate: FSceneViewport::OnFocusLost() reason 0
[2020.03.25-13.11.04:050][507]LogSlate: FSceneViewport::OnFocusLost() reason 0
[2020.03.25-13.11.08:693][ 61]LogSlate: FSceneViewport::OnFocusLost() reason 0
[2020.03.25-13.11.13:361][609]Cmd: TRANSACTION UNDO
[2020.03.25-13.11.13:361][609]LogEditorTransaction: Undo Edit Horizon Falloff
[2020.03.25-13.11.15:333][842]Cmd: OBJ SAVEPACKAGE PACKAGE="/Game/ThirdPersonBP/Maps/MainScene" FILE="B:/3dsMax/3dsmax-scene/graph_env_project/Content/ThirdPersonBP/Maps/MainScene.umap" SILENT=true AUTOSAVING=false KEEPDIRTY=false
[2020.03.25-13.11.15:396][842]LogUObjectHash: Compacting FUObjectHashTables data took   1.21ms
[2020.03.25-13.11.15:466][842]LogSavePackage: Moving 'B:/3dsMax/3dsmax-scene/graph_env_project/Saved/MainScene7725F4BE4A0D86A3C59A7CB6E2624E82.tmp' to 'B:/3dsMax/3dsmax-scene/graph_env_project/Content/ThirdPersonBP/Maps/MainScene.umap'
[2020.03.25-13.11.20:112][385]Cmd: DELETE
[2020.03.25-13.11.20:112][385]Cmd: ACTOR DELETE
[2020.03.25-13.11.20:116][385]LogEditorActor: Deleted Actor: Brush
[2020.03.25-13.11.20:152][385]LogUObjectHash: Compacting FUObjectHashTables data took   1.46ms
[2020.03.25-13.11.20:153][385]LogEditorActor: Deleted 1 Actors (0.039 secs)
[2020.03.25-13.11.22:643][684]LogSlate: FSceneViewport::OnFocusLost() reason 0
[2020.03.25-13.11.22:861][709]Cmd: OBJ SAVEPACKAGE PACKAGE="/Game/ThirdPersonBP/Maps/MainScene" FILE="B:/3dsMax/3dsmax-scene/graph_env_project/Content/ThirdPersonBP/Maps/MainScene.umap" SILENT=true AUTOSAVING=false KEEPDIRTY=false
[2020.03.25-13.11.22:885][709]LogUObjectHash: Compacting FUObjectHashTables data took   0.45ms
[2020.03.25-13.11.22:954][709]LogSavePackage: Moving 'B:/3dsMax/3dsmax-scene/graph_env_project/Saved/MainSceneC46F72C9437D8D85E42CDCA6D25DC80C.tmp' to 'B:/3dsMax/3dsmax-scene/graph_env_project/Content/ThirdPersonBP/Maps/MainScene.umap'
[2020.03.25-13.11.30:839][645]Cmd: OBJ SAVEPACKAGE PACKAGE="/Game/ThirdPersonBP/Maps/MainScene" FILE="B:/3dsMax/3dsmax-scene/graph_env_project/Content/ThirdPersonBP/Maps/MainScene.umap" SILENT=true AUTOSAVING=false KEEPDIRTY=false
[2020.03.25-13.11.30:877][645]LogUObjectHash: Compacting FUObjectHashTables data took   1.68ms
[2020.03.25-13.11.30:948][645]LogSavePackage: Moving 'B:/3dsMax/3dsmax-scene/graph_env_project/Saved/MainScene79B7458040F5E4F7F0E799A9B3A09DD2.tmp' to 'B:/3dsMax/3dsmax-scene/graph_env_project/Content/ThirdPersonBP/Maps/MainScene.umap'
[2020.03.25-13.11.31:642][721]LogAIModule: Creating AISystem for world ThirdPersonExampleMap
[2020.03.25-13.11.31:668][721]LogAssetEditorManager: Opening Asset editor for World /Game/ThirdPersonBP/Maps/ThirdPersonExampleMap.ThirdPersonExampleMap
[2020.03.25-13.11.31:691][721]LogUObjectHash: Compacting FUObjectHashTables data took   1.57ms
[2020.03.25-13.11.31:691][721]Cmd: MAP LOAD FILE="B:/3dsMax/3dsmax-scene/graph_env_project/Content/ThirdPersonBP/Maps/ThirdPersonExampleMap.umap" TEMPLATE=0 SHOWPROGRESS=1 FEATURELEVEL=3
[2020.03.25-13.11.31:691][721]LightingResults: New page: Lighting Build
[2020.03.25-13.11.31:692][721]LoadErrors: New page: Loading map: ThirdPersonExampleMap.umap
[2020.03.25-13.11.31:692][721]MapCheck: New page: Map Check
[2020.03.25-13.11.31:692][721]LightingResults: New page: Lighting Build
[2020.03.25-13.11.31:715][721]LogUObjectHash: Compacting FUObjectHashTables data took   1.26ms
[2020.03.25-13.11.31:892][721]LogEditorServer: Finished looking for orphan Actors (0.000 secs)
[2020.03.25-13.11.31:915][721]LogUObjectHash: Compacting FUObjectHashTables data took   1.12ms
[2020.03.25-13.11.31:921][721]Cmd: MAP CHECKDEP NOCLEARLOG
[2020.03.25-13.11.31:921][721]MapCheck: Map check complete: 0 Error(s), 0 Warning(s), took 0.057ms to complete.
[2020.03.25-13.11.31:922][721]LogFileHelpers: Loading map 'ThirdPersonExampleMap' took 0.231
[2020.03.25-13.11.45:127][299]LogAIModule: Creating AISystem for world MainScene
[2020.03.25-13.11.45:129][299]LogAssetEditorManager: Opening Asset editor for World /Game/ThirdPersonBP/Maps/MainScene.MainScene
[2020.03.25-13.11.45:154][299]LogUObjectHash: Compacting FUObjectHashTables data took   1.14ms
[2020.03.25-13.11.45:155][299]Cmd: MAP LOAD FILE="B:/3dsMax/3dsmax-scene/graph_env_project/Content/ThirdPersonBP/Maps/MainScene.umap" TEMPLATE=0 SHOWPROGRESS=1 FEATURELEVEL=3
[2020.03.25-13.11.45:155][299]LightingResults: New page: Lighting Build
[2020.03.25-13.11.45:155][299]LoadErrors: New page: Loading map: MainScene.umap
[2020.03.25-13.11.45:156][299]MapCheck: New page: Map Check
[2020.03.25-13.11.45:156][299]LightingResults: New page: Lighting Build
[2020.03.25-13.11.45:181][299]LogUObjectHash: Compacting FUObjectHashTables data took   1.41ms
[2020.03.25-13.11.45:299][299]LogEditorServer: Finished looking for orphan Actors (0.000 secs)
[2020.03.25-13.11.45:320][299]LogUObjectHash: Compacting FUObjectHashTables data took   1.08ms
[2020.03.25-13.11.45:325][299]Cmd: MAP CHECKDEP NOCLEARLOG
[2020.03.25-13.11.45:326][299]MapCheck: Map check complete: 0 Error(s), 0 Warning(s), took 0.047ms to complete.
[2020.03.25-13.11.45:326][299]LogFileHelpers: Loading map 'MainScene' took 0.172
[2020.03.25-13.11.52:193][115]Cmd: OBJ SAVEPACKAGE PACKAGE="/Game/ThirdPersonBP/Maps/MainScene" FILE="B:/3dsMax/3dsmax-scene/graph_env_project/Content/ThirdPersonBP/Maps/MainScene.umap" SILENT=true AUTOSAVING=false KEEPDIRTY=false
[2020.03.25-13.11.52:219][115]LogUObjectHash: Compacting FUObjectHashTables data took   0.51ms
[2020.03.25-13.11.52:290][115]LogSavePackage: Moving 'B:/3dsMax/3dsmax-scene/graph_env_project/Saved/MainSceneC16965F24C6EC0C0F745648E20873EBA.tmp' to 'B:/3dsMax/3dsmax-scene/graph_env_project/Content/ThirdPersonBP/Maps/MainScene.umap'
